{
"contracts/Staking.sol":{"l":{"55":18,"56":18,"57":18,"58":18,"66":25,"67":25,"69":25,"71":25,"72":25,"78":50,"79":40,"82":10,"89":35,"97":25,"105":1,"113":1,"121":1,"129":1,"137":1,"145":7,"146":6,"147":6,"148":6,"149":6,"150":6,"158":6,"159":6,"167":1,"168":1,"174":2,"175":2,"176":1,"177":1,"178":1,"186":3,"187":2,"188":2,"189":1,"190":1,"191":1,"192":1,"193":1,"201":13,"202":11,"204":2,"205":2,"206":2,"208":13,"209":13,"210":12,"211":12,"212":12,"220":13,"221":13},"path":"/Users/maria/Documents/Alyra/STRIP/backend/contracts/Staking.sol","s":{"1":50,"2":40,"3":10,"4":35,"5":25,"6":1,"7":1,"8":1,"9":1,"10":1,"11":7,"12":6,"13":6,"14":6,"15":6,"16":6,"17":1,"18":1,"19":2,"20":2,"21":1,"22":1,"23":3,"24":2,"25":2,"26":1,"27":1,"28":1,"29":13,"30":2,"31":2,"32":13,"33":13,"34":12,"35":13},"b":{"1":[40,10],"2":[24,11],"3":[7,0],"4":[6,1],"5":[2,0],"6":[2,0],"7":[1,1],"8":[3,0],"9":[2,1],"10":[1,1],"11":[13,1],"12":[13,0],"13":[11,2],"14":[12,1],"15":[13,1]},"f":{"1":18,"2":25,"3":50,"4":35,"5":25,"6":1,"7":1,"8":1,"9":1,"10":1,"11":7,"12":6,"13":1,"14":2,"15":3,"16":13,"17":13},"fnMap":{"1":{"name":"constructor","line":53,"loc":{"start":{"line":53,"column":4},"end":{"line":59,"column":4}}},"2":{"name":"updateYeld","line":65,"loc":{"start":{"line":65,"column":4},"end":{"line":73,"column":4}}},"3":{"name":"yeldPerToken","line":77,"loc":{"start":{"line":77,"column":4},"end":{"line":83,"column":4}}},"4":{"name":"lastTimeYeldApplicable","line":88,"loc":{"start":{"line":88,"column":4},"end":{"line":90,"column":4}}},"5":{"name":"earned","line":96,"loc":{"start":{"line":96,"column":4},"end":{"line":98,"column":4}}},"6":{"name":"totalSupply","line":104,"loc":{"start":{"line":104,"column":4},"end":{"line":106,"column":4}}},"7":{"name":"balanceOf","line":112,"loc":{"start":{"line":112,"column":4},"end":{"line":114,"column":4}}},"8":{"name":"balanceOfStrp","line":120,"loc":{"start":{"line":120,"column":4},"end":{"line":122,"column":4}}},"9":{"name":"balanceOfStry","line":128,"loc":{"start":{"line":128,"column":4},"end":{"line":130,"column":4}}},"10":{"name":"getYeldForDuration","line":136,"loc":{"start":{"line":136,"column":4},"end":{"line":138,"column":4}}},"11":{"name":"stake","line":144,"loc":{"start":{"line":144,"column":4},"end":{"line":151,"column":4}}},"12":{"name":"strip","line":157,"loc":{"start":{"line":157,"column":4},"end":{"line":160,"column":4}}},"13":{"name":"redeem","line":166,"loc":{"start":{"line":166,"column":4},"end":{"line":169,"column":4}}},"14":{"name":"claimYeld","line":173,"loc":{"start":{"line":173,"column":4},"end":{"line":179,"column":4}}},"15":{"name":"withdraw","line":185,"loc":{"start":{"line":185,"column":4},"end":{"line":194,"column":4}}},"16":{"name":"setYeldAmount","line":200,"loc":{"start":{"line":200,"column":4},"end":{"line":213,"column":4}}},"17":{"name":"setYeldDuration","line":219,"loc":{"start":{"line":219,"column":4},"end":{"line":222,"column":4}}}},"statementMap":{"1":{"start":{"line":78,"column":8},"end":{"line":78,"column":2754}},"2":{"start":{"line":79,"column":12},"end":{"line":79,"column":38}},"3":{"start":{"line":82,"column":8},"end":{"line":82,"column":113}},"4":{"start":{"line":89,"column":8},"end":{"line":89,"column":78}},"5":{"start":{"line":97,"column":8},"end":{"line":97,"column":108}},"6":{"start":{"line":105,"column":8},"end":{"line":105,"column":27}},"7":{"start":{"line":113,"column":8},"end":{"line":113,"column":34}},"8":{"start":{"line":121,"column":8},"end":{"line":121,"column":46}},"9":{"start":{"line":129,"column":8},"end":{"line":129,"column":46}},"10":{"start":{"line":137,"column":8},"end":{"line":137,"column":36}},"11":{"start":{"line":145,"column":8},"end":{"line":145,"column":62}},"12":{"start":{"line":148,"column":8},"end":{"line":148,"column":72}},"13":{"start":{"line":149,"column":8},"end":{"line":149,"column":33}},"14":{"start":{"line":150,"column":8},"end":{"line":150,"column":40}},"15":{"start":{"line":158,"column":8},"end":{"line":158,"column":41}},"16":{"start":{"line":159,"column":8},"end":{"line":159,"column":41}},"17":{"start":{"line":167,"column":8},"end":{"line":167,"column":41}},"18":{"start":{"line":168,"column":8},"end":{"line":168,"column":41}},"19":{"start":{"line":174,"column":8},"end":{"line":174,"column":40}},"20":{"start":{"line":175,"column":8},"end":{"line":175,"column":44}},"21":{"start":{"line":177,"column":8},"end":{"line":177,"column":48}},"22":{"start":{"line":178,"column":8},"end":{"line":178,"column":39}},"23":{"start":{"line":186,"column":8},"end":{"line":186,"column":60}},"24":{"start":{"line":187,"column":8},"end":{"line":187,"column":51}},"25":{"start":{"line":188,"column":8},"end":{"line":188,"column":71}},"26":{"start":{"line":191,"column":8},"end":{"line":191,"column":34}},"27":{"start":{"line":192,"column":8},"end":{"line":192,"column":53}},"28":{"start":{"line":193,"column":8},"end":{"line":193,"column":43}},"29":{"start":{"line":201,"column":8},"end":{"line":201,"column":7229}},"30":{"start":{"line":204,"column":12},"end":{"line":204,"column":62}},"31":{"start":{"line":205,"column":12},"end":{"line":205,"column":51}},"32":{"start":{"line":208,"column":8},"end":{"line":208,"column":58}},"33":{"start":{"line":209,"column":8},"end":{"line":209,"column":78}},"34":{"start":{"line":212,"column":8},"end":{"line":212,"column":31}},"35":{"start":{"line":221,"column":8},"end":{"line":221,"column":46}}},"branchMap":{"1":{"line":78,"type":"if","locations":[{"start":{"line":78,"column":8},"end":{"line":78,"column":8}},{"start":{"line":78,"column":8},"end":{"line":78,"column":8}}]},"2":{"line":89,"type":"if","locations":[{"start":{"line":89,"column":48},"end":{"line":89,"column":62}},{"start":{"line":89,"column":66},"end":{"line":89,"column":77}}]},"3":{"line":144,"type":"if","locations":[{"start":{"line":144,"column":42},"end":{"line":144,"column":42}},{"start":{"line":144,"column":42},"end":{"line":144,"column":42}}]},"4":{"line":145,"type":"if","locations":[{"start":{"line":145,"column":8},"end":{"line":145,"column":8}},{"start":{"line":145,"column":8},"end":{"line":145,"column":8}}]},"5":{"line":173,"type":"if","locations":[{"start":{"line":173,"column":32},"end":{"line":173,"column":32}},{"start":{"line":173,"column":32},"end":{"line":173,"column":32}}]},"6":{"line":173,"type":"if","locations":[{"start":{"line":173,"column":45},"end":{"line":173,"column":45}},{"start":{"line":173,"column":45},"end":{"line":173,"column":45}}]},"7":{"line":175,"type":"if","locations":[{"start":{"line":175,"column":8},"end":{"line":175,"column":8}},{"start":{"line":175,"column":8},"end":{"line":175,"column":8}}]},"8":{"line":185,"type":"if","locations":[{"start":{"line":185,"column":43},"end":{"line":185,"column":43}},{"start":{"line":185,"column":43},"end":{"line":185,"column":43}}]},"9":{"line":186,"type":"if","locations":[{"start":{"line":186,"column":8},"end":{"line":186,"column":8}},{"start":{"line":186,"column":8},"end":{"line":186,"column":8}}]},"10":{"line":188,"type":"if","locations":[{"start":{"line":188,"column":8},"end":{"line":188,"column":8}},{"start":{"line":188,"column":8},"end":{"line":188,"column":8}}]},"11":{"line":200,"type":"if","locations":[{"start":{"line":200,"column":53},"end":{"line":200,"column":53}},{"start":{"line":200,"column":53},"end":{"line":200,"column":53}}]},"12":{"line":200,"type":"if","locations":[{"start":{"line":200,"column":63},"end":{"line":200,"column":63}},{"start":{"line":200,"column":63},"end":{"line":200,"column":63}}]},"13":{"line":201,"type":"if","locations":[{"start":{"line":201,"column":8},"end":{"line":201,"column":8}},{"start":{"line":201,"column":8},"end":{"line":201,"column":8}}]},"14":{"line":209,"type":"if","locations":[{"start":{"line":209,"column":8},"end":{"line":209,"column":8}},{"start":{"line":209,"column":8},"end":{"line":209,"column":8}}]},"15":{"line":219,"type":"if","locations":[{"start":{"line":219,"column":61},"end":{"line":219,"column":61}},{"start":{"line":219,"column":61},"end":{"line":219,"column":61}}]}}},
"contracts/STRP.sol":{"l":{"23":13,"24":11,"25":11,"26":11,"35":4,"36":3,"37":2,"38":2,"39":2,"48":2,"49":1,"50":1},"path":"/Users/maria/Documents/Alyra/STRIP/backend/contracts/STRP.sol","s":{"1":13,"2":11,"3":11,"4":11,"5":4,"6":3,"7":2,"8":2,"9":2,"10":2,"11":1,"12":1},"b":{"1":[13,1],"2":[11,2],"3":[4,1],"4":[3,1],"5":[2,1],"6":[2,1],"7":[1,1]},"f":{"1":30,"2":13,"3":4,"4":2},"fnMap":{"1":{"name":"constructor","line":15,"loc":{"start":{"line":15,"column":4},"end":{"line":15,"column":76}}},"2":{"name":"mintp","line":22,"loc":{"start":{"line":22,"column":1},"end":{"line":27,"column":1}}},"3":{"name":"burnp","line":34,"loc":{"start":{"line":34,"column":1},"end":{"line":40,"column":1}}},"4":{"name":"increaseAllow","line":47,"loc":{"start":{"line":47,"column":4},"end":{"line":51,"column":1}}}},"statementMap":{"1":{"start":{"line":23,"column":2},"end":{"line":23,"column":55}},"2":{"start":{"line":24,"column":2},"end":{"line":24,"column":27}},"3":{"start":{"line":25,"column":2},"end":{"line":25,"column":48}},"4":{"start":{"line":26,"column":2},"end":{"line":26,"column":34}},"5":{"start":{"line":35,"column":2},"end":{"line":35,"column":55}},"6":{"start":{"line":36,"column":2},"end":{"line":36,"column":78}},"7":{"start":{"line":37,"column":2},"end":{"line":37,"column":27}},"8":{"start":{"line":38,"column":2},"end":{"line":38,"column":48}},"9":{"start":{"line":39,"column":2},"end":{"line":39,"column":34}},"10":{"start":{"line":48,"column":2},"end":{"line":48,"column":55}},"11":{"start":{"line":49,"column":2},"end":{"line":49,"column":42}},"12":{"start":{"line":50,"column":2},"end":{"line":50,"column":35}}},"branchMap":{"1":{"line":22,"type":"if","locations":[{"start":{"line":22,"column":59},"end":{"line":22,"column":59}},{"start":{"line":22,"column":59},"end":{"line":22,"column":59}}]},"2":{"line":23,"type":"if","locations":[{"start":{"line":23,"column":2},"end":{"line":23,"column":2}},{"start":{"line":23,"column":2},"end":{"line":23,"column":2}}]},"3":{"line":34,"type":"if","locations":[{"start":{"line":34,"column":59},"end":{"line":34,"column":59}},{"start":{"line":34,"column":59},"end":{"line":34,"column":59}}]},"4":{"line":35,"type":"if","locations":[{"start":{"line":35,"column":2},"end":{"line":35,"column":2}},{"start":{"line":35,"column":2},"end":{"line":35,"column":2}}]},"5":{"line":36,"type":"if","locations":[{"start":{"line":36,"column":2},"end":{"line":36,"column":2}},{"start":{"line":36,"column":2},"end":{"line":36,"column":2}}]},"6":{"line":47,"type":"if","locations":[{"start":{"line":47,"column":70},"end":{"line":47,"column":70}},{"start":{"line":47,"column":70},"end":{"line":47,"column":70}}]},"7":{"line":48,"type":"if","locations":[{"start":{"line":48,"column":2},"end":{"line":48,"column":2}},{"start":{"line":48,"column":2},"end":{"line":48,"column":2}}]}}},
"contracts/STRU.sol":{"l":{"26":30,"27":28,"28":28,"37":14,"38":13,"39":13},"path":"/Users/maria/Documents/Alyra/STRIP/backend/contracts/STRU.sol","s":{"1":30,"2":28,"3":28,"4":14,"5":13,"6":13},"b":{"1":[30,1],"2":[28,2],"3":[14,1],"4":[13,1]},"f":{"1":26,"2":30,"3":14},"fnMap":{"1":{"name":"constructor","line":17,"loc":{"start":{"line":17,"column":4},"end":{"line":18,"column":1}}},"2":{"name":"mint","line":25,"loc":{"start":{"line":25,"column":1},"end":{"line":29,"column":1}}},"3":{"name":"increaseAllow","line":36,"loc":{"start":{"line":36,"column":4},"end":{"line":40,"column":1}}}},"statementMap":{"1":{"start":{"line":26,"column":2},"end":{"line":26,"column":55}},"2":{"start":{"line":27,"column":2},"end":{"line":27,"column":27}},"3":{"start":{"line":28,"column":2},"end":{"line":28,"column":34}},"4":{"start":{"line":37,"column":2},"end":{"line":37,"column":55}},"5":{"start":{"line":38,"column":2},"end":{"line":38,"column":39}},"6":{"start":{"line":39,"column":2},"end":{"line":39,"column":35}}},"branchMap":{"1":{"line":25,"type":"if","locations":[{"start":{"line":25,"column":58},"end":{"line":25,"column":58}},{"start":{"line":25,"column":58},"end":{"line":25,"column":58}}]},"2":{"line":26,"type":"if","locations":[{"start":{"line":26,"column":2},"end":{"line":26,"column":2}},{"start":{"line":26,"column":2},"end":{"line":26,"column":2}}]},"3":{"line":36,"type":"if","locations":[{"start":{"line":36,"column":87},"end":{"line":36,"column":87}},{"start":{"line":36,"column":87},"end":{"line":36,"column":87}}]},"4":{"line":37,"type":"if","locations":[{"start":{"line":37,"column":2},"end":{"line":37,"column":2}},{"start":{"line":37,"column":2},"end":{"line":37,"column":2}}]}}},
"contracts/STRY.sol":{"l":{"23":13,"24":11,"25":11,"34":4,"35":3,"36":2,"37":2,"46":2,"47":1,"48":1},"path":"/Users/maria/Documents/Alyra/STRIP/backend/contracts/STRY.sol","s":{"1":13,"2":11,"3":11,"4":4,"5":3,"6":2,"7":2,"8":2,"9":1,"10":1},"b":{"1":[13,1],"2":[11,2],"3":[4,1],"4":[3,1],"5":[2,1],"6":[2,1],"7":[1,1]},"f":{"1":30,"2":13,"3":4,"4":2},"fnMap":{"1":{"name":"constructor","line":15,"loc":{"start":{"line":15,"column":1},"end":{"line":15,"column":70}}},"2":{"name":"minty","line":22,"loc":{"start":{"line":22,"column":1},"end":{"line":26,"column":1}}},"3":{"name":"burny","line":33,"loc":{"start":{"line":33,"column":1},"end":{"line":38,"column":1}}},"4":{"name":"increaseAllow","line":45,"loc":{"start":{"line":45,"column":4},"end":{"line":49,"column":1}}}},"statementMap":{"1":{"start":{"line":23,"column":2},"end":{"line":23,"column":55}},"2":{"start":{"line":24,"column":2},"end":{"line":24,"column":27}},"3":{"start":{"line":25,"column":2},"end":{"line":25,"column":34}},"4":{"start":{"line":34,"column":2},"end":{"line":34,"column":55}},"5":{"start":{"line":35,"column":2},"end":{"line":35,"column":78}},"6":{"start":{"line":36,"column":2},"end":{"line":36,"column":27}},"7":{"start":{"line":37,"column":2},"end":{"line":37,"column":34}},"8":{"start":{"line":46,"column":2},"end":{"line":46,"column":55}},"9":{"start":{"line":47,"column":2},"end":{"line":47,"column":42}},"10":{"start":{"line":48,"column":2},"end":{"line":48,"column":35}}},"branchMap":{"1":{"line":22,"type":"if","locations":[{"start":{"line":22,"column":59},"end":{"line":22,"column":59}},{"start":{"line":22,"column":59},"end":{"line":22,"column":59}}]},"2":{"line":23,"type":"if","locations":[{"start":{"line":23,"column":2},"end":{"line":23,"column":2}},{"start":{"line":23,"column":2},"end":{"line":23,"column":2}}]},"3":{"line":33,"type":"if","locations":[{"start":{"line":33,"column":59},"end":{"line":33,"column":59}},{"start":{"line":33,"column":59},"end":{"line":33,"column":59}}]},"4":{"line":34,"type":"if","locations":[{"start":{"line":34,"column":2},"end":{"line":34,"column":2}},{"start":{"line":34,"column":2},"end":{"line":34,"column":2}}]},"5":{"line":35,"type":"if","locations":[{"start":{"line":35,"column":2},"end":{"line":35,"column":2}},{"start":{"line":35,"column":2},"end":{"line":35,"column":2}}]},"6":{"line":45,"type":"if","locations":[{"start":{"line":45,"column":70},"end":{"line":45,"column":70}},{"start":{"line":45,"column":70},"end":{"line":45,"column":70}}]},"7":{"line":46,"type":"if","locations":[{"start":{"line":46,"column":2},"end":{"line":46,"column":2}},{"start":{"line":46,"column":2},"end":{"line":46,"column":2}}]}}}}
