TN:
SF:/Users/maria/Documents/Alyra/STRIP/backend/contracts/Staking.sol
FN:53,constructor
FN:65,updateYeld
FN:77,yeldPerToken
FN:88,lastTimeYeldApplicable
FN:96,earned
FN:104,totalSupply
FN:112,balanceOf
FN:120,balanceOfStrp
FN:128,balanceOfStry
FN:136,getYeldForDuration
FN:144,stake
FN:157,strip
FN:166,redeem
FN:173,claimYeld
FN:185,withdraw
FN:200,setYeldAmount
FN:219,setYeldDuration
FNF:17
FNH:17
FNDA:18,constructor
FNDA:25,updateYeld
FNDA:50,yeldPerToken
FNDA:35,lastTimeYeldApplicable
FNDA:25,earned
FNDA:1,totalSupply
FNDA:1,balanceOf
FNDA:1,balanceOfStrp
FNDA:1,balanceOfStry
FNDA:1,getYeldForDuration
FNDA:7,stake
FNDA:6,strip
FNDA:1,redeem
FNDA:2,claimYeld
FNDA:3,withdraw
FNDA:13,setYeldAmount
FNDA:13,setYeldDuration
DA:55,18
DA:56,18
DA:57,18
DA:58,18
DA:66,25
DA:67,25
DA:69,25
DA:71,25
DA:72,25
DA:78,50
DA:79,40
DA:82,10
DA:89,35
DA:97,25
DA:105,1
DA:113,1
DA:121,1
DA:129,1
DA:137,1
DA:145,7
DA:146,6
DA:147,6
DA:148,6
DA:149,6
DA:150,6
DA:158,6
DA:159,6
DA:167,1
DA:168,1
DA:174,2
DA:175,2
DA:176,1
DA:177,1
DA:178,1
DA:186,3
DA:187,2
DA:188,2
DA:189,1
DA:190,1
DA:191,1
DA:192,1
DA:193,1
DA:201,13
DA:202,11
DA:204,2
DA:205,2
DA:206,2
DA:208,13
DA:209,13
DA:210,12
DA:211,12
DA:212,12
DA:220,13
DA:221,13
LF:54
LH:54
BRDA:78,1,0,40
BRDA:78,1,1,10
BRDA:89,2,0,24
BRDA:89,2,1,11
BRDA:144,3,0,7
BRDA:144,3,1,0
BRDA:144,4,0,7
BRDA:144,4,1,0
BRDA:145,5,0,6
BRDA:145,5,1,1
BRDA:173,6,0,2
BRDA:173,6,1,0
BRDA:173,7,0,2
BRDA:173,7,1,0
BRDA:175,8,0,1
BRDA:175,8,1,1
BRDA:185,9,0,3
BRDA:185,9,1,0
BRDA:185,10,0,3
BRDA:185,10,1,0
BRDA:186,11,0,2
BRDA:186,11,1,1
BRDA:188,12,0,1
BRDA:188,12,1,1
BRDA:200,13,0,13
BRDA:200,13,1,1
BRDA:200,14,0,13
BRDA:200,14,1,0
BRDA:201,15,0,11
BRDA:201,15,1,2
BRDA:209,16,0,12
BRDA:209,16,1,1
BRDA:219,17,0,13
BRDA:219,17,1,1
BRF:34
BRH:27
end_of_record
TN:
SF:/Users/maria/Documents/Alyra/STRIP/backend/contracts/STRP.sol
FN:15,constructor
FN:22,mintp
FN:34,burnp
FN:47,increaseAllow
FNF:4
FNH:4
FNDA:30,constructor
FNDA:13,mintp
FNDA:4,burnp
FNDA:2,increaseAllow
DA:23,13
DA:24,11
DA:25,11
DA:26,11
DA:35,4
DA:36,3
DA:37,2
DA:38,2
DA:39,2
DA:48,2
DA:49,1
DA:50,1
LF:12
LH:12
BRDA:22,1,0,13
BRDA:22,1,1,1
BRDA:23,2,0,11
BRDA:23,2,1,2
BRDA:34,3,0,4
BRDA:34,3,1,1
BRDA:35,4,0,3
BRDA:35,4,1,1
BRDA:36,5,0,2
BRDA:36,5,1,1
BRDA:47,6,0,2
BRDA:47,6,1,1
BRDA:48,7,0,1
BRDA:48,7,1,1
BRF:14
BRH:14
end_of_record
TN:
SF:/Users/maria/Documents/Alyra/STRIP/backend/contracts/STRU.sol
FN:17,constructor
FN:25,mint
FN:36,increaseAllow
FNF:3
FNH:3
FNDA:26,constructor
FNDA:30,mint
FNDA:14,increaseAllow
DA:26,30
DA:27,28
DA:28,28
DA:37,14
DA:38,13
DA:39,13
LF:6
LH:6
BRDA:25,1,0,30
BRDA:25,1,1,1
BRDA:26,2,0,28
BRDA:26,2,1,2
BRDA:36,3,0,14
BRDA:36,3,1,1
BRDA:37,4,0,13
BRDA:37,4,1,1
BRF:8
BRH:8
end_of_record
TN:
SF:/Users/maria/Documents/Alyra/STRIP/backend/contracts/STRY.sol
FN:15,constructor
FN:22,minty
FN:33,burny
FN:45,increaseAllow
FNF:4
FNH:4
FNDA:30,constructor
FNDA:13,minty
FNDA:4,burny
FNDA:2,increaseAllow
DA:23,13
DA:24,11
DA:25,11
DA:34,4
DA:35,3
DA:36,2
DA:37,2
DA:46,2
DA:47,1
DA:48,1
LF:10
LH:10
BRDA:22,1,0,13
BRDA:22,1,1,1
BRDA:23,2,0,11
BRDA:23,2,1,2
BRDA:33,3,0,4
BRDA:33,3,1,1
BRDA:34,4,0,3
BRDA:34,4,1,1
BRDA:35,5,0,2
BRDA:35,5,1,1
BRDA:45,6,0,2
BRDA:45,6,1,1
BRDA:46,7,0,1
BRDA:46,7,1,1
BRF:14
BRH:14
end_of_record
